mode: set
WarmAPI/handlers/handler.go:31.86,36.27 4 1
WarmAPI/handlers/handler.go:47.2,49.32 2 1
WarmAPI/handlers/handler.go:53.2,59.32 2 1
WarmAPI/handlers/handler.go:36.27,45.3 5 1
WarmAPI/handlers/handler.go:49.32,51.3 1 1
WarmAPI/handlers/handler.go:64.87,68.38 2 1
WarmAPI/handlers/handler.go:79.2,82.28 3 1
WarmAPI/handlers/handler.go:93.2,102.8 5 1
WarmAPI/handlers/handler.go:68.38,77.3 5 1
WarmAPI/handlers/handler.go:82.28,91.3 5 1
WarmAPI/handlers/handler.go:107.85,114.20 5 1
WarmAPI/handlers/handler.go:123.2,124.26 2 1
WarmAPI/handlers/handler.go:133.2,133.44 1 1
WarmAPI/handlers/handler.go:144.2,148.29 3 1
WarmAPI/handlers/handler.go:161.2,167.6 4 1
WarmAPI/handlers/handler.go:114.20,120.3 5 1
WarmAPI/handlers/handler.go:124.26,130.3 5 1
WarmAPI/handlers/handler.go:133.44,139.3 5 1
WarmAPI/handlers/handler.go:148.29,159.3 6 1
WarmAPI/handlers/handler.go:167.6,168.34 1 1
WarmAPI/handlers/handler.go:168.34,191.22 14 1
WarmAPI/handlers/handler.go:202.4,204.41 2 1
WarmAPI/handlers/handler.go:228.4,230.58 3 1
WarmAPI/handlers/handler.go:191.22,200.5 5 1
WarmAPI/handlers/handler.go:204.41,205.52 1 1
WarmAPI/handlers/handler.go:205.52,208.44 3 1
WarmAPI/handlers/handler.go:208.44,225.7 10 1
WarmAPI/handlers/handler.go:252.41,253.23 1 1
WarmAPI/handlers/handler.go:258.2,258.13 1 1
WarmAPI/handlers/handler.go:253.23,254.51 1 1
WarmAPI/handlers/handler.go:254.51,256.4 1 1
WarmAPI/handlers/handler.go:263.92,275.46 7 1
WarmAPI/handlers/handler.go:283.2,283.29 1 1
WarmAPI/handlers/handler.go:275.46,277.34 2 1
WarmAPI/handlers/handler.go:280.3,280.91 1 1
WarmAPI/handlers/handler.go:277.34,279.4 1 1
